<?xml version="1.0" encoding="UTF-8"?>
<testsuite xmlns:xsi="http://www.w3.org/2001/XMLSchema-instance" xsi:noNamespaceSchemaLocation="https://maven.apache.org/surefire/maven-surefire-plugin/xsd/surefire-test-report.xsd" name="ru.anmo.world_generator.WorldGeneratorTest" time="0.166" tests="13" errors="0" skipped="0" failures="0">
  <properties>
[...]
</properties>
  <testcase name="generateRandomWorld" classname="ru.anmo.world_generator.WorldGeneratorTest" time="0.014"/>
  <testcase name="generateManualWorld" classname="ru.anmo.world_generator.WorldGeneratorTest" time="0.013"/>
  <testcase name="generateCustomWorldWithCorrectLengthAndHeight" classname="ru.anmo.world_generator.WorldGeneratorTest" time="0.015"/>
  <testcase name="generateWorldZeroHeight" classname="ru.anmo.world_generator.WorldGeneratorTest$WorldGeneratorHeightLogic" time="0.013"/>
  <testcase name="generateWorldNegativeHeight" classname="ru.anmo.world_generator.WorldGeneratorTest$WorldGeneratorHeightLogic" time="0.013"/>
  <testcase name="generateWorldMaxHeight" classname="ru.anmo.world_generator.WorldGeneratorTest$WorldGeneratorHeightLogic" time="0.013"/>
  <testcase name="generateWorldLessThanMinHeight" classname="ru.anmo.world_generator.WorldGeneratorTest$WorldGeneratorHeightLogic" time="0.011"/>
  <testcase name="generateWorldTooBigHeight" classname="ru.anmo.world_generator.WorldGeneratorTest$WorldGeneratorHeightLogic" time="0.012"/>
  <testcase name="generateWorldZeroLength" classname="ru.anmo.world_generator.WorldGeneratorTest$WorldGeneratorLengthLogic" time="0.013"/>
  <testcase name="generateWorldNegativeLength" classname="ru.anmo.world_generator.WorldGeneratorTest$WorldGeneratorLengthLogic" time="0.011"/>
  <testcase name="generateWorldMaxLength" classname="ru.anmo.world_generator.WorldGeneratorTest$WorldGeneratorLengthLogic" time="0.013"/>
  <testcase name="generateWorldLessThanMinLength" classname="ru.anmo.world_generator.WorldGeneratorTest$WorldGeneratorLengthLogic" time="0.011"/>
  <testcase name="generateWorldTooBigLength" classname="ru.anmo.world_generator.WorldGeneratorTest$WorldGeneratorLengthLogic" time="0.009"/>
</testsuite>